<?xml version="1.0" encoding="UTF-8"?><testsuite errors="1" failures="0" name="Calculadora de Windows" skipped="0" tests="1" time="564.98" timestamp="2020-02-05 03:55:39"><testcase name="Operación básica de suma de dos enteros."><error message="Timed out after 2 seconds. Element not found&#10;For documentation on this error, please visit: https://www.seleniumhq.org/exceptions/no_such_element.html&#10;Build info: version: '3.141.59', revision: 'e82be7d358', time: '2018-11-14T08:17:03'&#10;System info: host: 'DESKTOP-SD5HJUG', ip: '192.168.99.50', os.name: 'Windows 10', os.arch: 'amd64', os.version: '10.0', java.version: '1.8.0_192'&#10;Driver info: driver.version: unknown&#10;For documentation on this error, please visit: https://www.seleniumhq.org/exceptions/no_such_element.html&#10;Build info: version: '3.141.59', revision: 'e82be7d358', time: '2018-11-14T08:17:03'&#10;System info: host: 'DESKTOP-SD5HJUG', ip: '192.168.99.50', os.name: 'Windows 10', os.arch: 'amd64', os.version: '10.0', java.version: '1.8.0_192'&#10;Driver info: driver.version: unknown" type="org.openqa.selenium.NoSuchElementException">Timed out after 2 seconds. Element not found
For documentation on this error, please visit: https://www.seleniumhq.org/exceptions/no_such_element.html
Build info: version: '3.141.59', revision: 'e82be7d358', time: '2018-11-14T08:17:03'
System info: host: 'DESKTOP-SD5HJUG', ip: '192.168.99.50', os.name: 'Windows 10', os.arch: 'amd64', os.version: '10.0', java.version: '1.8.0_192'
Driver info: driver.version: unknown
For documentation on this error, please visit: https://www.seleniumhq.org/exceptions/no_such_element.html
Build info: version: '3.141.59', revision: 'e82be7d358', time: '2018-11-14T08:17:03'
System info: host: 'DESKTOP-SD5HJUG', ip: '192.168.99.50', os.name: 'Windows 10', os.arch: 'amd64', os.version: '10.0', java.version: '1.8.0_192'
Driver info: driver.version: unknown</error><system-err>Timed out after 2 seconds. Element not found
For documentation on this error, please visit: https://www.seleniumhq.org/exceptions/no_such_element.html
Build info: version: '3.141.59', revision: 'e82be7d358', time: '2018-11-14T08:17:03'
System info: host: 'DESKTOP-SD5HJUG', ip: '192.168.99.50', os.name: 'Windows 10', os.arch: 'amd64', os.version: '10.0', java.version: '1.8.0_192'
Driver info: driver.version: unknown
For documentation on this error, please visit: https://www.seleniumhq.org/exceptions/no_such_element.html
Build info: version: '3.141.59', revision: 'e82be7d358', time: '2018-11-14T08:17:03'
System info: host: 'DESKTOP-SD5HJUG', ip: '192.168.99.50', os.name: 'Windows 10', os.arch: 'amd64', os.version: '10.0', java.version: '1.8.0_192'
Driver info: driver.version: unknown&#13;
serenity.cucumber.winappdriver.interfaces.Calculadora.ingresarMenuPrincipal(Calculadora.java:11)&#13;
serenity.cucumber.winappdriver.interfaces.Calculadora.cambiarCalculadoraCientifica(Calculadora.java:16)&#13;
serenity.cucumber.winappdriver.steps.OperacionBasicaStep.modoCalculadoraCientifica(OperacionBasicaStep.java:19)&#13;
serenity.cucumber.winappdriver.stepdefinitions.CalculadoraDeWindowsStepDefinitions.laCalculadoraEstaEnModoCientifico(CalculadoraDeWindowsStepDefinitions.java:17)&#13;
✽.la calculadora esta en modo Científico(file:src/test/resources/features/calculadora_de_windows/OperacionesBasicas.feature:7)&#13;
</system-err></testcase></testsuite>